Arguments: 
  C:\Program Files\nodejs\node.exe C:\Users\Shishir\AppData\Roaming\npm\node_modules\yarn\bin\yarn.js install

PATH: 
  C:\WINDOWS\system32;C:\WINDOWS;C:\WINDOWS\System32\Wbem;C:\WINDOWS\System32\WindowsPowerShell\v1.0\;C:\WINDOWS\System32\OpenSSH\;C:\Program Files\Git\cmd;C:\instantclient_21_3;C:\Program Files\nodejs\;C:\Users\Shishir\AppData\Local\Microsoft\WindowsApps;;C:\Users\Shishir\AppData\Local\Programs\Microsoft VS Code\bin;C:\Users\Shishir\AppData\Roaming\npm

Yarn version: 
  1.22.18

Node version: 
  14.17.2

Platform: 
  win32 x64

Trace: 
  Error: https://registry.yarnpkg.com/expo: tunneling socket could not be established, cause=getaddrinfo ENOTFOUND 1521
      at ClientRequest.onError (C:\Users\Shishir\AppData\Roaming\npm\node_modules\yarn\lib\cli.js:152369:17)
      at Object.onceWrapper (events.js:482:26)
      at ClientRequest.emit (events.js:375:28)
      at Socket.socketErrorListener (_http_client.js:475:9)
      at Socket.emit (events.js:375:28)
      at emitErrorNT (internal/streams/destroy.js:106:8)
      at emitErrorCloseNT (internal/streams/destroy.js:74:3)
      at processTicksAndRejections (internal/process/task_queues.js:82:21)

npm manifest: 
  {
    "name": "ecommerce_layout",
    "version": "1.0.0",
    "main": "node_modules/expo/AppEntry.js",
    "scripts": {
      "start": "expo start",
      "android": "expo start --android",
      "ios": "expo start --ios",
      "web": "expo start --web",
      "eject": "expo eject"
    },
    "dependencies": {
      "expo": "~45.0.0",
      "expo-status-bar": "~1.3.0",
      "react": "17.0.2",
      "react-dom": "17.0.2",
      "react-native": "0.68.2",
      "react-native-web": "0.17.7"
    },
    "devDependencies": {
      "@babel/core": "^7.12.9"
    },
    "private": true
  }

yarn manifest: 
  No manifest

Lockfile: 
  No lockfile
